<?xml version="1.0" encoding="UTF-8"?>
<testsuite xmlns:xsi="http://www.w3.org/2001/XMLSchema-instance" xsi:noNamespaceSchemaLocation="https://maven.apache.org/surefire/maven-surefire-plugin/xsd/surefire-test-report-3.0.xsd" version="3.0" name="com.ToDo.ToDo.TodosApplicationTests" time="5.583" tests="1" errors="0" skipped="0" failures="0">
  <properties>
[...]
</properties>
  <testcase name="contextLoads" classname="com.ToDo.ToDo.TodosApplicationTests" time="0.757">
    <system-out><![CDATA[17:14:05.484 [main] INFO org.springframework.test.context.support.AnnotationConfigContextLoaderUtils -- Could not detect default configuration classes for test class [com.ToDo.ToDo.TodosApplicationTests]: TodosApplicationTests does not declare any static, non-private, non-final, nested classes annotated with @Configuration.
17:14:05.603 [main] INFO org.springframework.boot.test.context.SpringBootTestContextBootstrapper -- Found @SpringBootConfiguration com.ToDo.ToDo.ToDosApplication for test class com.ToDo.ToDo.TodosApplicationTests

  .   ____          _            __ _ _
 /\\ / ___'_ __ _ _(_)_ __  __ _ \ \ \ \
( ( )\___ | '_ | '_| | '_ \/ _` | \ \ \ \
 \\/  ___)| |_)| | | | | || (_| |  ) ) ) )
  '  |____| .__|_| |_|_| |_\__, | / / / /
 =========|_|==============|___/=/_/_/_/
 :: Spring Boot ::                (v3.1.2)

2023-12-28T17:14:06.054Z  INFO 18244 --- [           main] com.ToDo.ToDo.TodosApplicationTests      : Starting TodosApplicationTests using Java 17.0.9 with PID 18244 (started by PiousAn in C:\Users\PiousAn\Downloads\Primesniper-main-20231215T100640Z-001\Primesniper-main\Primesniper-main\BACK-END-ToDo)
2023-12-28T17:14:06.055Z  INFO 18244 --- [           main] com.ToDo.ToDo.TodosApplicationTests      : No active profile set, falling back to 1 default profile: "default"
2023-12-28T17:14:06.730Z  INFO 18244 --- [           main] .s.d.r.c.RepositoryConfigurationDelegate : Bootstrapping Spring Data JPA repositories in DEFAULT mode.
2023-12-28T17:14:06.795Z  INFO 18244 --- [           main] .s.d.r.c.RepositoryConfigurationDelegate : Finished Spring Data repository scanning in 56 ms. Found 1 JPA repository interfaces.
2023-12-28T17:14:07.247Z  INFO 18244 --- [           main] o.hibernate.jpa.internal.util.LogHelper  : HHH000204: Processing PersistenceUnitInfo [name: default]
2023-12-28T17:14:07.312Z  INFO 18244 --- [           main] org.hibernate.Version                    : HHH000412: Hibernate ORM core version 6.2.6.Final
2023-12-28T17:14:07.314Z  INFO 18244 --- [           main] org.hibernate.cfg.Environment            : HHH000406: Using bytecode reflection optimizer
2023-12-28T17:14:07.532Z  INFO 18244 --- [           main] o.h.b.i.BytecodeProviderInitiator        : HHH000021: Bytecode provider name : bytebuddy
2023-12-28T17:14:07.689Z  INFO 18244 --- [           main] o.s.o.j.p.SpringPersistenceUnitInfo      : No LoadTimeWeaver setup: ignoring JPA class transformer
2023-12-28T17:14:07.709Z  INFO 18244 --- [           main] com.zaxxer.hikari.HikariDataSource       : HikariPool-1 - Starting...
2023-12-28T17:14:07.830Z  INFO 18244 --- [           main] com.zaxxer.hikari.pool.HikariPool        : HikariPool-1 - Added connection org.postgresql.jdbc.PgConnection@7ec3a8bd
2023-12-28T17:14:07.832Z  INFO 18244 --- [           main] com.zaxxer.hikari.HikariDataSource       : HikariPool-1 - Start completed.
2023-12-28T17:14:08.152Z  INFO 18244 --- [           main] o.h.b.i.BytecodeProviderInitiator        : HHH000021: Bytecode provider name : bytebuddy
2023-12-28T17:14:08.900Z  INFO 18244 --- [           main] o.h.e.t.j.p.i.JtaPlatformInitiator       : HHH000490: Using JtaPlatform implementation: [org.hibernate.engine.transaction.jta.platform.internal.NoJtaPlatform]
Hibernate: 
    alter table if exists todos 
       alter column time set data type time(6)
2023-12-28T17:14:08.948Z  INFO 18244 --- [           main] j.LocalContainerEntityManagerFactoryBean : Initialized JPA EntityManagerFactory for persistence unit 'default'
2023-12-28T17:14:09.226Z  INFO 18244 --- [           main] o.s.d.j.r.query.QueryEnhancerFactory     : Hibernate is in classpath; If applicable, HQL parser will be used.
2023-12-28T17:14:09.789Z  WARN 18244 --- [           main] JpaBaseConfiguration$JpaWebConfiguration : spring.jpa.open-in-view is enabled by default. Therefore, database queries may be performed during view rendering. Explicitly configure spring.jpa.open-in-view to disable this warning
2023-12-28T17:14:10.127Z  INFO 18244 --- [           main] com.ToDo.ToDo.TodosApplicationTests      : Started TodosApplicationTests in 4.356 seconds (process running for 5.374)
]]></system-out>
  </testcase>
</testsuite>